<?xml version="1.0" encoding="UTF-8"?>
<!-- Generated by org.testng.reporters.JUnitReportReporter -->
<testsuite hostname="localhost" failures="0" tests="2" name="drupal.RegularExpressionGroupTest" time="0.023" errors="0" timestamp="13 Feb 2021 16:19:28 GMT">
  <testcase classname="drupal.RegularExpressionGroupTest" name="testMethodOne" time="0.021"/>
  <testcase classname="drupal.RegularExpressionGroupTest" name="testMethodTwo" time="0.002"/>
</testsuite> <!-- drupal.RegularExpressionGroupTest -->
