<?xml version="1.0" encoding="UTF-8"?>
<!-- Generated by org.testng.reporters.JUnitReportReporter -->
<testsuite hostname="localhost" failures="0" tests="2" name="drupal.ParallelSuiteTest" time="0.068" errors="0" timestamp="13 Feb 2021 16:19:28 GMT">
  <testcase classname="drupal.ParallelSuiteTest" name="comparePageTitle" time="0.051"/>
  <testcase classname="drupal.ParallelSuiteTest" name="comparePageTitle" time="0.017"/>
</testsuite> <!-- drupal.ParallelSuiteTest -->
